<?xml version="1.0" encoding="UTF-8"?>
<!-- Generated by org.testng.reporters.JUnitXMLReporter -->
<testsuite ignored="1" hostname="LP-213268337" failures="0" tests="4" name="Default test" time="61.249" errors="0" timestamp="2024-04-26T14:50:03 IST">
  <testcase classname="PriorityTest" name="testDisabled2" time="0.017"/>
  <testcase classname="PriorityTest" name="testTitle" time="0.045"/>
  <testcase classname="PriorityTest" name="testDisabled1" time="0.003"/>
  <testcase classname="PriorityTest" name="testEnabled" time="0.023"/>
  <testcase classname="PriorityTest" name="testDisabled3" time="0.0">
    <ignored/>
  </testcase> <!-- testDisabled3 -->
</testsuite> <!-- Default test -->
