<?xml version="1.0" encoding="UTF-8"?>
<!-- Generated by org.testng.reporters.JUnitXMLReporter -->
<testsuite ignored="1" hostname="LP-213268337" failures="0" tests="18" name="Test" time="39.722" errors="0" timestamp="2024-01-31T21:32:44 IST">
  <testcase classname="TestNg.Testvalid" name="validTitle" time="9.243"/>
  <testcase classname="refression.regtc3" name="fregressiontestcase3" time="0.016"/>
  <testcase classname="TestNg.using_test" name="checkurl" time="0.02"/>
  <testcase classname="TestNg.using_test" name="validatetitle" time="0.012"/>
  <testcase classname="refression.regtc1" name="regressiontestcase1" time="0.001"/>
  <testcase classname="refression.regtc2" name="fregressiontestcase2" time="0.001"/>
  <testcase classname="systemtestsuite.sustc1" name="systemtestcase1" time="0.002"/>
  <testcase classname="TestNg.Titlevalidation" name="checkurl" time="0.01"/>
  <testcase classname="TestNg.Titlevalidation" name="validatetitle" time="0.011"/>
  <testcase classname="systemtestsuite.systc2" name="systemtestcase2" time="0.002"/>
  <testcase classname="Sanity.santc1" name="sanitytestcase1" time="0.001"/>
  <testcase classname="Sanity.santc2" name="sanitytestcase2" time="0.001"/>
  <testcase classname="TestNg.first" name="BMytirdTest" time="0.0"/>
  <testcase classname="TestNg.first" name="CMyFirstTest" time="0.001"/>
  <testcase classname="Sanity.santc3" name="sanitytestcase3" time="0.002"/>
  <testcase classname="systemtestsuite.systc3" name="systemtestcase3" time="0.001"/>
  <testcase classname="TestNg.Annotataions" name="testcases1" time="0.001"/>
  <testcase classname="TestNg.Annotataions" name="testcases2" time="0.001"/>
  <testcase classname="TestNg.first" name="AMysecondTest" time="0.0">
    <ignored/>
  </testcase> <!-- AMysecondTest -->
</testsuite> <!-- Test -->
