<?xml version="1.0" encoding="UTF-8"?>
<testng-results ignored="1" total="5" passed="4" failed="0" skipped="0">
  <reporter-output>
  </reporter-output>
  <suite started-at="2024-04-26T14:49:01 IST" name="Default suite" finished-at="2024-04-26T14:50:03 IST" duration-ms="61249">
    <groups>
    </groups>
    <test started-at="2024-04-26T14:49:01 IST" name="Default test" finished-at="2024-04-26T14:50:03 IST" duration-ms="61249">
      <class name="PriorityTest">
        <test-method is-config="true" signature="setUp()[pri:0, instance:PriorityTest@4fb0f2b9]" started-at="2024-04-26T14:49:01 IST" name="setUp" finished-at="2024-04-26T14:49:18 IST" duration-ms="16483" status="PASS">
          <reporter-output>
          </reporter-output>
        </test-method> <!-- setUp -->
        <test-method signature="testDisabled2()[pri:0, instance:PriorityTest@4fb0f2b9]" started-at="2024-04-26T14:49:18 IST" name="testDisabled2" finished-at="2024-04-26T14:49:18 IST" duration-ms="17" status="PASS">
          <reporter-output>
          </reporter-output>
        </test-method> <!-- testDisabled2 -->
        <test-method is-config="true" signature="tearDown()[pri:0, instance:PriorityTest@4fb0f2b9]" started-at="2024-04-26T14:49:18 IST" name="tearDown" finished-at="2024-04-26T14:49:20 IST" duration-ms="2278" status="PASS">
          <reporter-output>
          </reporter-output>
        </test-method> <!-- tearDown -->
        <test-method is-config="true" signature="setUp()[pri:0, instance:PriorityTest@4fb0f2b9]" started-at="2024-04-26T14:49:20 IST" name="setUp" finished-at="2024-04-26T14:49:31 IST" duration-ms="11223" status="PASS">
          <reporter-output>
          </reporter-output>
        </test-method> <!-- setUp -->
        <test-method signature="testTitle()[pri:1, instance:PriorityTest@4fb0f2b9]" started-at="2024-04-26T14:49:31 IST" name="testTitle" finished-at="2024-04-26T14:49:32 IST" duration-ms="45" status="PASS">
          <reporter-output>
          </reporter-output>
        </test-method> <!-- testTitle -->
        <test-method is-config="true" signature="tearDown()[pri:0, instance:PriorityTest@4fb0f2b9]" started-at="2024-04-26T14:49:32 IST" name="tearDown" finished-at="2024-04-26T14:49:33 IST" duration-ms="1938" status="PASS">
          <reporter-output>
          </reporter-output>
        </test-method> <!-- tearDown -->
        <test-method is-config="true" signature="setUp()[pri:0, instance:PriorityTest@4fb0f2b9]" started-at="2024-04-26T14:49:33 IST" name="setUp" finished-at="2024-04-26T14:49:46 IST" duration-ms="12665" status="PASS">
          <reporter-output>
          </reporter-output>
        </test-method> <!-- setUp -->
        <test-method signature="testDisabled1()[pri:2, instance:PriorityTest@4fb0f2b9]" started-at="2024-04-26T14:49:46 IST" name="testDisabled1" finished-at="2024-04-26T14:49:46 IST" duration-ms="3" status="PASS">
          <reporter-output>
          </reporter-output>
        </test-method> <!-- testDisabled1 -->
        <test-method is-config="true" signature="tearDown()[pri:0, instance:PriorityTest@4fb0f2b9]" started-at="2024-04-26T14:49:46 IST" name="tearDown" finished-at="2024-04-26T14:49:48 IST" duration-ms="2103" status="PASS">
          <reporter-output>
          </reporter-output>
        </test-method> <!-- tearDown -->
        <test-method is-config="true" signature="setUp()[pri:0, instance:PriorityTest@4fb0f2b9]" started-at="2024-04-26T14:49:48 IST" name="setUp" finished-at="2024-04-26T14:50:00 IST" duration-ms="12228" status="PASS">
          <reporter-output>
          </reporter-output>
        </test-method> <!-- setUp -->
        <test-method signature="testEnabled()[pri:5, instance:PriorityTest@4fb0f2b9]" started-at="2024-04-26T14:50:00 IST" name="testEnabled" finished-at="2024-04-26T14:50:00 IST" duration-ms="23" status="PASS">
          <reporter-output>
          </reporter-output>
        </test-method> <!-- testEnabled -->
        <test-method is-config="true" signature="tearDown()[pri:0, instance:PriorityTest@4fb0f2b9]" started-at="2024-04-26T14:50:00 IST" name="tearDown" finished-at="2024-04-26T14:50:03 IST" duration-ms="2167" status="PASS">
          <reporter-output>
          </reporter-output>
        </test-method> <!-- tearDown -->
      </class> <!-- PriorityTest -->
    </test> <!-- Default test -->
  </suite> <!-- Default suite -->
</testng-results>
